{"level":"error","message":"producto con id 20 no encontrado"}
{"level":"error","message":null}
{"level":"error","message":null}
{"level":"error","message":null}
{"level":"error","message":null}
{"level":"error","message":null}
{"level":"error","message":null}
{"level":"error","message":"error al buscar por id CastError: Cast to Number failed for value \"{}\" (type Object) at path \"id\" for model \"cart\""}
{"level":"error","message":"error al buscar por id CastError: Cast to Number failed for value \"{}\" (type Object) at path \"id\" for model \"cart\""}
{"level":"error","message":"error al buscar por id CastError: Cast to Number failed for value \"{}\" (type Object) at path \"id\" for model \"cart\""}
{"level":"error","message":"error al buscar por id CastError: Cast to Number failed for value \"{}\" (type Object) at path \"id\" for model \"cart\""}
{"level":"error","message":"error al buscar por id CastError: Cast to Number failed for value \"{}\" (type Object) at path \"id\" for model \"cart\""}
{"level":"error","message":"error al buscar por id CastError: Cast to Number failed for value \"{}\" (type Object) at path \"id\" for model \"cart\""}
{"level":"error","message":null}
{"level":"error","message":null}
{"level":"error","message":null}
{"level":"error","message":null}
{"level":"error","message":null}
{"level":"error","message":null}
{"level":"error","message":"error al buscar por id TypeError: Cannot read properties of undefined (reading 'username')"}
{"level":"error","message":null}
{"level":"error","message":null}
{"level":"error","message":null}
{"level":"error","message":null}
{"level":"error","message":null}
{"level":"error","message":null}
{"level":"error","message":null}
{"level":"error","message":null}
{"level":"error","message":null}
{"level":"error","message":null}
{"level":"error","message":null}
{"level":"error","message":null}
{"level":"error","message":null}
{"level":"error","message":null}
{"level":"error","message":null}
{"level":"error","message":null}
{"level":"error","message":null}
{"level":"error","message":null}
{"level":"error","message":null}
{"level":"error","message":null}
{"level":"error","message":null}
{"level":"error","message":null}
{"level":"error","message":null}
{"level":"error","message":null}
{"level":"error","message":null}
{"level":"error","message":null}
{"level":"error","message":null}
{"level":"error","message":null}
{"level":"error","message":null}
{"level":"error","message":null}
{"level":"error","message":null}
{"level":"error","message":null}
{"level":"error","message":null}
{"level":"error","message":null}
{"level":"error","message":null}
{"level":"error","message":null}
{"level":"error","message":null}
{"level":"error","message":null}
{"level":"error","message":null}
{"level":"error","message":null}
{"level":"error","message":null}
{"level":"error","message":null}
{"level":"error","message":null}
{"level":"error","message":null}
{"level":"error","message":null}
{"level":"error","message":null}
{"level":"error","message":"error en Save ReferenceError: element is not defined"}
{"level":"error","message":"error en Save ReferenceError: element is not defined"}
{"level":"error","message":"error en Save ReferenceError: element is not defined"}
{"level":"error","message":"error en Save ReferenceError: element is not defined"}
{"level":"error","message":"error en Save ReferenceError: element is not defined"}
{"level":"error","message":"error en deleteById ReferenceError: result is not defined"}
{"level":"error","message":"error en deleteById ReferenceError: result is not defined"}
{"level":"error","message":"error al reemplazar datos CastError: Cast to Number failed for value \"NaN\" (type number) at path \"id\" for model \"product\""}
{"level":"error","message":"error al reemplazar datos CastError: Cast to Number failed for value \"NaN\" (type number) at path \"id\" for model \"product\""}
{"level":"error","message":"error al reemplazar datos CastError: Cast to Number failed for value \"NaN\" (type number) at path \"id\" for model \"product\""}
{"level":"error","message":"error al reemplazar datos CastError: Cast to Number failed for value \"NaN\" (type number) at path \"id\" for model \"product\""}
{"level":"error","message":null}
{"level":"error","message":"error al reemplazar datos TypeError: Cannot read properties of undefined (reading 'id')"}
{"level":"error","message":"error al reemplazar datos TypeError: Cannot read properties of undefined (reading 'id')"}
{"level":"error","message":"error al reemplazar datos TypeError: Cannot read properties of undefined (reading 'id')"}
{"level":"error","message":"error al reemplazar datos TypeError: Cannot read properties of undefined (reading 'id')"}
{"level":"error","message":"error al reemplazar datos TypeError: Cannot read properties of null (reading 'id')"}
{"level":"error","message":"error al reemplazar datos TypeError: Cannot read properties of undefined (reading 'id')"}
{"level":"error","message":"error al reemplazar datos TypeError: Cannot read properties of undefined (reading 'id')"}
{"level":"error","message":"error al reemplazar datos TypeError: Cannot read properties of undefined (reading 'id')"}
{"level":"error","message":"error al reemplazar datos TypeError: Cannot read properties of undefined (reading 'id')"}
{"level":"error","message":"error al reemplazar datos TypeError: Cannot read properties of undefined (reading 'id')"}
{"level":"error","message":"error al reemplazar datos TypeError: Cannot read properties of undefined (reading 'id')"}
{"level":"error","message":"error al reemplazar datos TypeError: Cannot read properties of undefined (reading 'id')"}
{"level":"error","message":"error al reemplazar datos TypeError: Cannot read properties of undefined (reading 'id')"}
{"level":"error","message":"error al reemplazar datos TypeError: Cannot read properties of undefined (reading 'id')"}
{"level":"error","message":"error al reemplazar datos TypeError: Cannot read properties of undefined (reading 'id')"}
{"level":"error","message":"error al reemplazar datos TypeError: Cannot read properties of undefined (reading 'id')"}
{"level":"error","message":"error al reemplazar datos TypeError: Cannot read properties of undefined (reading 'id')"}
{"level":"error","message":"error al reemplazar datos TypeError: Cannot read properties of undefined (reading 'id')"}
{"level":"error","message":"error al reemplazar datos TypeError: Cannot read properties of undefined (reading 'id')"}
{"level":"error","message":"error al reemplazar datos TypeError: Cannot read properties of undefined (reading 'id')"}
{"level":"error","message":"error al reemplazar datos TypeError: Cannot read properties of undefined (reading 'id')"}
{"level":"error","message":"error al reemplazar datos TypeError: Cannot read properties of undefined (reading 'id')"}
{"level":"error","message":"error al reemplazar datos TypeError: Cannot read properties of undefined (reading 'id')"}
{"level":"error","message":"error al reemplazar datos TypeError: Cannot read properties of undefined (reading 'id')"}
{"level":"error","message":"error al reemplazar datos TypeError: Cannot read properties of undefined (reading 'id')"}
{"level":"error","message":"error al reemplazar datos TypeError: Cannot read properties of undefined (reading 'id')"}
{"level":"error","message":"error al reemplazar datos TypeError: Cannot read properties of undefined (reading 'id')"}
{"level":"error","message":"error al reemplazar datos TypeError: Cannot read properties of undefined (reading 'id')"}
{"level":"error","message":"el error al guardar fue: MongoServerError: E11000 duplicate key error collection: ecommercePF.products index: id_1 dup key: { id: 10 }"}
{"level":"error","message":"error al reemplazar datos TypeError: Cannot read properties of undefined (reading 'id')"}
{"level":"error","message":"el error al guardar fue: MongoServerError: E11000 duplicate key error collection: ecommercePF.products index: id_1 dup key: { id: 9 }"}
{"level":"error","message":"error al reemplazar datos TypeError: Cannot read properties of undefined (reading 'id')"}
